#
# There is insufficient memory for the Java Runtime Environment to continue.
# Native memory allocation (mmap) failed to map 67108864 bytes for G1 virtual space
# Possible reasons:
#   The system is out of physical RAM or swap space
#   The process is running with CompressedOops enabled, and the Java Heap may be blocking the growth of the native heap
# Possible solutions:
#   Reduce memory load on the system
#   Increase physical memory or swap space
#   Check if swap backing store is full
#   Decrease Java heap size (-Xmx/-Xms)
#   Decrease number of Java threads
#   Decrease Java thread stack sizes (-Xss)
#   Set larger code cache with -XX:ReservedCodeCacheSize=
#   JVM is running with Unscaled Compressed Oops mode in which the Java heap is
#     placed in the first 4GB address space. The Java Heap base address is the
#     maximum limit for the native heap growth. Please use -XX:HeapBaseMinAddress
#     to set the Java Heap base and to place the Java Heap above 4GB virtual address.
# This output file may be truncated or incomplete.
#
#  Out of Memory Error (os_windows.cpp:3528), pid=19652, tid=19792
#
# JRE version:  (20.0.2+9) (build )
# Java VM: Java HotSpot(TM) 64-Bit Server VM (20.0.2+9-78, mixed mode, sharing, tiered, compressed oops, compressed class ptrs, g1 gc, windows-amd64)
# No core dump will be written. Minidumps are not enabled by default on client versions of Windows
#

---------------  S U M M A R Y ------------

Command Line: -Dfile.encoding=UTF-8 -agentlib:jdwp=transport=dt_shmem,address=javadebug2436 --module-path=C:\Users\yaneth\Documents\NetBeansProjects\JavaApplication31\build\classes javaapplication31.JavaApplication31

Host: Intel(R) Core(TM) i3-3110M CPU @ 2.40GHz, 4 cores, 3G,  Windows 10 , 64 bit Build 19041 (10.0.19041.3636)
Time: Sun Nov 19 00:18:04 2023 Hora est. Pacífico, Sudamérica elapsed time: 0.739851 seconds (0d 0h 0m 0s)

---------------  T H R E A D  ---------------

Current thread (0x00000217ec03a130):  JavaThread "Unknown thread" [_thread_in_vm, id=19792, stack(0x0000004316300000,0x0000004316400000)]

Stack: [0x0000004316300000,0x0000004316400000]
Native frames: (J=compiled Java code, j=interpreted, Vv=VM code, C=native code)
V  [jvm.dll+0x6bc25a]
V  [jvm.dll+0x84971a]
V  [jvm.dll+0x84b315]
V  [jvm.dll+0x84ba13]
V  [jvm.dll+0x280e4f]
V  [jvm.dll+0x6b8fe9]
V  [jvm.dll+0x6adbca]
V  [jvm.dll+0x35b165]
V  [jvm.dll+0x363386]
V  [jvm.dll+0x3b400e]
V  [jvm.dll+0x3b4295]
V  [jvm.dll+0x32b86a]
V  [jvm.dll+0x32c68b]
V  [jvm.dll+0x8123df]
V  [jvm.dll+0x3c1261]
V  [jvm.dll+0x7fe103]
V  [jvm.dll+0x44ccaf]
V  [jvm.dll+0x44e621]
C  [jli.dll+0x5287]
C  [ucrtbase.dll+0x21bb2]
C  [KERNEL32.DLL+0x17344]
C  [ntdll.dll+0x526b1]


---------------  P R O C E S S  ---------------

Threads class SMR info:
_java_thread_list=0x00007ff84e3fb118, length=0, elements={
}

Java Threads: ( => current thread )

Other Threads:
  0x00000217ec07a4d0 WorkerThread "GC Thread#0" [stack: 0x0000004316400000,0x0000004316500000] [id=19992]
  0x00000217ec084160 ConcurrentGCThread "G1 Main Marker" [stack: 0x0000004316500000,0x0000004316600000] [id=19996]
  0x00000217ec085240 WorkerThread "G1 Conc#0" [stack: 0x0000004316600000,0x0000004316700000] [id=20000]

[error occurred during error reporting (printing all threads), id 0xc0000005, EXCEPTION_ACCESS_VIOLATION (0xc0000005) at pc=0x00007ff84dbdeea7]
VM state: not at safepoint (not fully initialized)

VM Mutex/Monitor currently owned by a thread:  ([mutex/lock_event])
[0x00000217ec0360e0] Heap_lock - owner thread: 0x00000217ec03a130

Heap address: 0x00000000c1a00000, size: 998 MB, Compressed Oops mode: 32-bit

CDS archive(s) mapped at: [0x0000000000000000-0x0000000000000000-0x0000000000000000), size 0, SharedBaseAddress: 0x0000000800000000, ArchiveRelocationMode: 1.
Narrow klass base: 0x0000000000000000, Narrow klass shift: 0, Narrow klass range: 0x0

GC Precious Log:
 CardTable entry size: 512
 Card Set container configuration: InlinePtr #cards 5 size 8 Array Of Cards #cards 12 size 40 Howl #buckets 4 coarsen threshold 1843 Howl Bitmap #cards 512 size 80 coarsen threshold 460 Card regions per heap region 1 cards per card region 2048

Heap:
 garbage-first heap   total 0K, used 0K [0x00000000c1a00000, 0x0000000100000000)
  region size 1024K, 0 young (0K), 0 survivors (0K)

[error occurred during error reporting (printing heap information), id 0xc0000005, EXCEPTION_ACCESS_VIOLATION (0xc0000005) at pc=0x00007ff84dfb47b9]
GC Heap History (0 events):
No events

Dll operation events (1 events):
Event: 0.468 Loaded shared library C:\Program Files\Java\jdk-20\bin\java.dll

Deoptimization events (0 events):
No events

Classes loaded (0 events):
No events

Classes unloaded (0 events):
No events

Classes redefined (0 events):
No events

Internal exceptions (0 events):
No events

VM Operations (0 events):
No events

Events (0 events):
No events


Dynamic libraries:
0x00007ff612090000 - 0x00007ff6120a0000 	C:\Program Files\Java\jdk-20\bin\java.exe
0x00007ff897030000 - 0x00007ff897228000 	C:\Windows\SYSTEM32\ntdll.dll
0x00007ff8954e0000 - 0x00007ff89559d000 	C:\Windows\System32\KERNEL32.DLL
0x00007ff894ce0000 - 0x00007ff894fd6000 	C:\Windows\System32\KERNELBASE.dll
0x00007ff894710000 - 0x00007ff894810000 	C:\Windows\System32\ucrtbase.dll
0x00007ff88af60000 - 0x00007ff88af7b000 	C:\Program Files\Java\jdk-20\bin\VCRUNTIME140.dll
0x00007ff88d610000 - 0x00007ff88d629000 	C:\Program Files\Java\jdk-20\bin\jli.dll
0x00007ff8968b0000 - 0x00007ff89695f000 	C:\Windows\System32\ADVAPI32.dll
0x00007ff8953d0000 - 0x00007ff89546e000 	C:\Windows\System32\msvcrt.dll
0x00007ff896990000 - 0x00007ff896a2c000 	C:\Windows\System32\sechost.dll
0x00007ff8952a0000 - 0x00007ff8953c6000 	C:\Windows\System32\RPCRT4.dll
0x00007ff896cc0000 - 0x00007ff896e5e000 	C:\Windows\System32\USER32.dll
0x00007ff894fe0000 - 0x00007ff895002000 	C:\Windows\System32\win32u.dll
0x00007ff8960c0000 - 0x00007ff8960ec000 	C:\Windows\System32\GDI32.dll
0x00007ff894a20000 - 0x00007ff894b3a000 	C:\Windows\System32\gdi32full.dll
0x00007ff86ae60000 - 0x00007ff86b0fa000 	C:\Windows\WinSxS\amd64_microsoft.windows.common-controls_6595b64144ccf1df_6.0.19041.3636_none_60b6a03d71f818d5\COMCTL32.dll
0x00007ff894c40000 - 0x00007ff894cdd000 	C:\Windows\System32\msvcp_win.dll
0x00007ff88b950000 - 0x00007ff88b95a000 	C:\Windows\SYSTEM32\VERSION.dll
0x00007ff896960000 - 0x00007ff896990000 	C:\Windows\System32\IMM32.DLL
0x00007ff88d8a0000 - 0x00007ff88d8ac000 	C:\Program Files\Java\jdk-20\bin\vcruntime140_1.dll
0x00007ff86c4f0000 - 0x00007ff86c57e000 	C:\Program Files\Java\jdk-20\bin\msvcp140.dll
0x00007ff84d8a0000 - 0x00007ff84e538000 	C:\Program Files\Java\jdk-20\bin\server\jvm.dll
0x00007ff85ca90000 - 0x00007ff85ca99000 	C:\Windows\SYSTEM32\WSOCK32.dll
0x00007ff896ac0000 - 0x00007ff896b2b000 	C:\Windows\System32\WS2_32.dll
0x00007ff873bc0000 - 0x00007ff873be7000 	C:\Windows\SYSTEM32\WINMM.dll
0x00007ff8925d0000 - 0x00007ff8925e2000 	C:\Windows\SYSTEM32\kernel.appcore.dll
0x00007ff88d810000 - 0x00007ff88d81a000 	C:\Program Files\Java\jdk-20\bin\jimage.dll
0x00007ff88b5f0000 - 0x00007ff88b7d4000 	C:\Windows\SYSTEM32\DBGHELP.DLL
0x00007ff88b970000 - 0x00007ff88b9a4000 	C:\Windows\SYSTEM32\dbgcore.DLL
0x00007ff894b40000 - 0x00007ff894bc2000 	C:\Windows\System32\bcryptPrimitives.dll
0x00007ff86e520000 - 0x00007ff86e55c000 	C:\Program Files\Java\jdk-20\bin\jdwp.dll
0x00007ff872d80000 - 0x00007ff872da6000 	C:\Program Files\Java\jdk-20\bin\java.dll

dbghelp: loaded successfully - version: 4.0.5 - missing functions: none
symbol engine: initialized successfully - sym options: 0x614 - pdb path: .;C:\Program Files\Java\jdk-20\bin;C:\Windows\SYSTEM32;C:\Windows\WinSxS\amd64_microsoft.windows.common-controls_6595b64144ccf1df_6.0.19041.3636_none_60b6a03d71f818d5;C:\Program Files\Java\jdk-20\bin\server

VM Arguments:
jvm_args: -Dfile.encoding=UTF-8 -agentlib:jdwp=transport=dt_shmem,address=javadebug2436 --module-path=C:\Users\yaneth\Documents\NetBeansProjects\JavaApplication31\build\classes 
java_command: javaapplication31.JavaApplication31
java_class_path (initial): C:\Program Files\NetBeans-18\netbeans\java\modules\ext\AbsoluteLayout.jar;C:\Users\yaneth\Documents\NetBeansProjects\JavaApplication31\build\classes
Launcher Type: SUN_STANDARD

[Global flags]
     intx CICompilerCount                          = 3                                         {product} {ergonomic}
     uint ConcGCThreads                            = 1                                         {product} {ergonomic}
     uint G1ConcRefinementThreads                  = 4                                         {product} {ergonomic}
   size_t G1HeapRegionSize                         = 1048576                                   {product} {ergonomic}
    uintx GCDrainStackTargetSize                   = 64                                        {product} {ergonomic}
   size_t InitialHeapSize                          = 67108864                                  {product} {ergonomic}
   size_t MarkStackSize                            = 4194304                                   {product} {ergonomic}
   size_t MaxHeapSize                              = 1046478848                                {product} {ergonomic}
   size_t MinHeapDeltaBytes                        = 1048576                                   {product} {ergonomic}
   size_t MinHeapSize                              = 8388608                                   {product} {ergonomic}
    uintx NonNMethodCodeHeapSize                   = 5832780                                {pd product} {ergonomic}
    uintx NonProfiledCodeHeapSize                  = 122912730                              {pd product} {ergonomic}
    uintx ProfiledCodeHeapSize                     = 122912730                              {pd product} {ergonomic}
    uintx ReservedCodeCacheSize                    = 251658240                              {pd product} {ergonomic}
     bool SegmentedCodeCache                       = true                                      {product} {ergonomic}
   size_t SoftMaxHeapSize                          = 1046478848                             {manageable} {ergonomic}
     bool UseCompressedClassPointers               = true                           {product lp64_product} {ergonomic}
     bool UseCompressedOops                        = true                           {product lp64_product} {ergonomic}
     bool UseG1GC                                  = true                                      {product} {ergonomic}
     bool UseLargePagesIndividualAllocation        = false                                  {pd product} {ergonomic}

Logging:
Log output configuration:
 #0: stdout all=warning uptime,level,tags foldmultilines=false
 #1: stderr all=off uptime,level,tags foldmultilines=false

Environment Variables:
PATH=C:\Program Files\Common Files\Oracle\Java\javapath;C:\Windows\system32;C:\Windows;C:\Windows\System32\Wbem;C:\Windows\System32\WindowsPowerShell\v1.0\;C:\Windows\System32\OpenSSH\;C:\Program Files\Git\cmd;C:\Users\yaneth\AppData\Local\Microsoft\WindowsApps;
USERNAME=yaneth
OS=Windows_NT
PROCESSOR_IDENTIFIER=Intel64 Family 6 Model 58 Stepping 9, GenuineIntel
TMP=C:\Users\yaneth\AppData\Local\Temp
TEMP=C:\Users\yaneth\AppData\Local\Temp




---------------  S Y S T E M  ---------------

OS:
 Windows 10 , 64 bit Build 19041 (10.0.19041.3636)
OS uptime: 3 days 0:39 hours

CPU: total 4 (initial active 4) (2 cores per cpu, 2 threads per core) family 6 model 58 stepping 9 microcode 0x21, cx8, cmov, fxsr, ht, mmx, sse, sse2, sse3, ssse3, sse4.1, sse4.2, popcnt, tsc, tscinvbit, avx, erms, clmul, vzeroupper, clflush, rdtscp, f16c

Memory: 4k page, system-wide physical 3987M (42M free)
TotalPageFile size 16275M (AvailPageFile size 10M)
current process WorkingSet (physical memory assigned to process): 10M, peak: 10M
current process commit charge ("private bytes"): 51M, peak: 115M

vm_info: Java HotSpot(TM) 64-Bit Server VM (20.0.2+9-78) for windows-amd64 JRE (20.0.2+9-78), built on 2023-06-14T10:08:48Z by "mach5one" with MS VC++ 17.1 (VS2022)

END.
